[21:36:17] [main/INFO] (FabricLoader/GameProvider) Loading Minecraft 1.19.3 with Fabric Loader 0.14.11
[21:36:17] [main/INFO] (FabricLoader) Loading 45 mods:
	- fabric-api 0.68.1+1.19.3
	- fabric-api-base 0.4.19+8d1895cf72
	- fabric-api-lookup-api-v1 1.6.18+49abcf7e72
	- fabric-biome-api-v1 12.0.0+689f5e7172
	- fabric-block-api-v1 1.0.3+12bfe4ea72
	- fabric-blockrenderlayer-v1 1.1.28+c6af733c72
	- fabric-client-tags-api-v1 1.0.9+49abcf7e72
	- fabric-command-api-v2 2.1.15+49abcf7e72
	- fabric-content-registries-v0 3.4.11+49abcf7e72
	- fabric-convention-tags-v1 1.1.9+2894d6df72
	- fabric-crash-report-info-v1 0.2.12+aeb40ebe72
	- fabric-data-generation-api-v1 11.0.1+65e415cb72
	- fabric-dimensions-v1 2.1.39+48349a3f72
	- fabric-entity-events-v1 1.5.5+b83334a072
	- fabric-events-interaction-v0 0.4.37+422b77fb72
	- fabric-game-rule-api-v1 1.0.28+2894d6df72
	- fabric-gametest-api-v1 1.1.13+12a01b0672
	- fabric-item-api-v1 2.1.4+fa25da9972
	- fabric-item-group-api-v1 2.1.6+b7096da872
	- fabric-key-binding-api-v1 1.0.28+aaaf9d3372
	- fabric-lifecycle-events-v1 2.2.8+2894d6df72
	- fabric-loot-api-v2 1.1.17+75e9821172
	- fabric-message-api-v1 5.0.12+6ede1da972
	- fabric-mining-level-api-v1 2.1.28+49abcf7e72
	- fabric-models-v0 0.3.25+11ba9c3b72
	- fabric-networking-api-v1 1.2.14+d9ac3c3972
	- fabric-object-builder-api-v1 5.1.6+49abcf7e72
	- fabric-particles-v1 1.0.18+fbde993d72
	- fabric-registry-sync-v0 2.0.1+2608564672
	- fabric-renderer-api-v1 2.1.0+2063beff72
	- fabric-renderer-indigo 0.6.23+11ba9c3b72
	- fabric-rendering-data-attachment-v1 0.3.23+48349a3f72
	- fabric-rendering-fluids-v1 3.0.16+3067f46372
	- fabric-rendering-v1 1.11.7+49abcf7e72
	- fabric-resource-conditions-api-v1 2.2.0+280be3ab72
	- fabric-resource-loader-v0 0.10.2+f6c919d672
	- fabric-screen-api-v1 1.0.38+8c84281072
	- fabric-screen-handler-api-v1 1.3.10+689f5e7172
	- fabric-sound-api-v1 1.0.6+75e9821172
	- fabric-transfer-api-v1 2.1.11+28ac448f72
	- fabric-transitive-access-wideners-v1 2.1.0+0efcd39b72
	- fabricloader 0.14.11
	- java 17
	- minecraft 1.19.3
	- testmod 0.0.1-1.19.3
[21:36:17] [main/INFO] (FabricLoader/Mixin) SpongePowered MIXIN Subsystem Version=0.8.5 Source=file:/home/redcherrytree/.gradle/caches/modules-2/files-2.1/net.fabricmc/sponge-mixin/0.11.4+mixin.0.8.5/c1dc27696aa4006e492c2485c9ccbcb26045a971/sponge-mixin-0.11.4+mixin.0.8.5.jar Service=Knot/Fabric Env=CLIENT
[21:36:18] [main/INFO] (FabricLoader/Mixin) Loaded Fabric development mappings for mixin remapper!
[21:36:18] [main/INFO] (FabricLoader/Mixin) Compatibility level set to JAVA_16
[21:36:18] [main/INFO] (FabricLoader/Mixin) Compatibility level set to JAVA_17
[21:36:19] [main/WARN] (FileUtil) Configuration conflict: there is more than one oshi.properties file on the classpath: [jar:file:/home/redcherrytree/.gradle/caches/modules-2/files-2.1/com.github.oshi/oshi-core/6.2.2/54f5efc19bca95d709d9a37d19ffcbba3d21c1a6/oshi-core-6.2.2.jar!/oshi.properties, jar:file:/home/redcherrytree/.gradle/caches/modules-2/files-2.1/com.github.oshi/oshi-core/6.2.2/54f5efc19bca95d709d9a37d19ffcbba3d21c1a6/oshi-core-6.2.2.jar!/oshi.properties]
[21:36:19] [main/WARN] (FileUtil) Configuration conflict: there is more than one oshi.architecture.properties file on the classpath: [jar:file:/home/redcherrytree/.gradle/caches/modules-2/files-2.1/com.github.oshi/oshi-core/6.2.2/54f5efc19bca95d709d9a37d19ffcbba3d21c1a6/oshi-core-6.2.2.jar!/oshi.architecture.properties, jar:file:/home/redcherrytree/.gradle/caches/modules-2/files-2.1/com.github.oshi/oshi-core/6.2.2/54f5efc19bca95d709d9a37d19ffcbba3d21c1a6/oshi-core-6.2.2.jar!/oshi.architecture.properties]
[21:36:24] [main/INFO] (Minecraft) Building optimized datafixer
[21:36:29] [Render thread/INFO] (Minecraft) Environment: authHost='https://authserver.mojang.com', accountsHost='https://api.mojang.com', sessionHost='https://sessionserver.mojang.com', servicesHost='https://api.minecraftservices.com', name='PROD'
[21:36:31] [Render thread/ERROR] (fabric-screen-api-v1) Failed to verify authentication
com.mojang.authlib.exceptions.InvalidCredentialsException: Status: 401
	at com.mojang.authlib.exceptions.MinecraftClientHttpException.toAuthenticationException(MinecraftClientHttpException.java:56) ~[authlib-3.16.29.jar:?]
	at com.mojang.authlib.yggdrasil.YggdrasilUserApiService.fetchProperties(YggdrasilUserApiService.java:156) ~[authlib-3.16.29.jar:?]
	at com.mojang.authlib.yggdrasil.YggdrasilUserApiService.<init>(YggdrasilUserApiService.java:55) ~[authlib-3.16.29.jar:?]
	at com.mojang.authlib.yggdrasil.YggdrasilAuthenticationService.createUserApiService(YggdrasilAuthenticationService.java:161) ~[authlib-3.16.29.jar:?]
	at net.minecraft.client.MinecraftClient.createUserApiService(MinecraftClient.java:709) ~[minecraft-project-@-merged-named.jar:?]
	at net.minecraft.client.MinecraftClient.<init>(MinecraftClient.java:504) ~[minecraft-project-@-merged-named.jar:?]
	at net.minecraft.client.main.Main.main(Main.java:185) ~[minecraft-project-@-merged-named.jar:?]
	at net.minecraft.client.main.Main.main(Main.java:56) ~[minecraft-project-@-merged-named.jar:?]
	at net.fabricmc.loader.impl.game.minecraft.MinecraftGameProvider.launch(MinecraftGameProvider.java:461) ~[fabric-loader-0.14.11.jar:?]
	at net.fabricmc.loader.impl.launch.knot.Knot.launch(Knot.java:74) ~[fabric-loader-0.14.11.jar:?]
	at net.fabricmc.loader.impl.launch.knot.KnotClient.main(KnotClient.java:23) ~[fabric-loader-0.14.11.jar:?]
	at net.fabricmc.devlaunchinjector.Main.main(Main.java:86) ~[dev-launch-injector-0.2.1+build.8.jar:?]
Caused by: com.mojang.authlib.exceptions.MinecraftClientHttpException: Status: 401
	at com.mojang.authlib.minecraft.client.MinecraftClient.readInputStream(MinecraftClient.java:87) ~[authlib-3.16.29.jar:?]
	at com.mojang.authlib.minecraft.client.MinecraftClient.get(MinecraftClient.java:48) ~[authlib-3.16.29.jar:?]
	at com.mojang.authlib.yggdrasil.YggdrasilUserApiService.fetchProperties(YggdrasilUserApiService.java:129) ~[authlib-3.16.29.jar:?]
	... 10 more
[21:36:31] [Render thread/INFO] (fabric-screen-api-v1) Setting user: Player639
[21:36:34] [Render thread/INFO] (Indigo) [Indigo] Registering Indigo renderer!
[21:36:36] [Render thread/INFO] (fabric-screen-api-v1) Backend library: LWJGL version 3.3.1 SNAPSHOT
[21:36:40] [Render thread/WARN] (Minecraft) ERROR : Couldn't load Narrator library
java.lang.UnsatisfiedLinkError: libflite.so.1: cannot open shared object file: No such file or directory
	at com.sun.jna.Native.open(Native Method) ~[jna-5.12.1.jar:5.12.1 (b0)]
	at com.sun.jna.NativeLibrary.loadLibrary(NativeLibrary.java:283) ~[jna-5.12.1.jar:5.12.1 (b0)]
	at com.sun.jna.NativeLibrary.getInstance(NativeLibrary.java:467) ~[jna-5.12.1.jar:5.12.1 (b0)]
	at com.sun.jna.NativeLibrary.getInstance(NativeLibrary.java:409) ~[jna-5.12.1.jar:5.12.1 (b0)]
	at com.mojang.text2speech.NarratorLinux.<clinit>(NarratorLinux.java:18) ~[text2speech-1.13.9.jar:?]
	at com.mojang.text2speech.Narrator.getNarrator(Narrator.java:21) ~[text2speech-1.13.9.jar:?]
	at net.minecraft.client.util.NarratorManager.<init>(NarratorManager.java:33) ~[minecraft-project-@-merged-named.jar:?]
	at net.minecraft.client.MinecraftClient.<init>(MinecraftClient.java:634) ~[minecraft-project-@-merged-named.jar:?]
	at net.minecraft.client.main.Main.main(Main.java:185) ~[minecraft-project-@-merged-named.jar:?]
	at net.minecraft.client.main.Main.main(Main.java:56) ~[minecraft-project-@-merged-named.jar:?]
	at net.fabricmc.loader.impl.game.minecraft.MinecraftGameProvider.launch(MinecraftGameProvider.java:461) ~[fabric-loader-0.14.11.jar:?]
	at net.fabricmc.loader.impl.launch.knot.Knot.launch(Knot.java:74) ~[fabric-loader-0.14.11.jar:?]
	at net.fabricmc.loader.impl.launch.knot.KnotClient.main(KnotClient.java:23) ~[fabric-loader-0.14.11.jar:?]
	at net.fabricmc.devlaunchinjector.Main.main(Main.java:86) ~[dev-launch-injector-0.2.1+build.8.jar:?]
[21:36:40] [Render thread/INFO] (Minecraft) Reloading ResourceManager: vanilla, Fabric Mods (Fabric BlockRenderLayer Registration (v1), Fabric Resource Loader (v0), Example Mod, Fabric Transitive Access Wideners (v1), Fabric Renderer - Indigo, Fabric Item API (v1), Fabric API Base, Fabric Screen Handler API (v1), Fabric Message API (v1), Fabric API Lookup API (v1), Fabric Rendering Fluids (v1), Fabric Mining Level API (v1), Fabric Game Rule API (v1), Fabric Biome API (v1), Fabric Item Group API (v1), Fabric Rendering (v1), Fabric Events Interaction (v0), Fabric Game Test API (v1), Fabric Particles (v1), Fabric Dimensions API (v1), Fabric Transfer API (v1), Fabric Sound API (v1), Fabric Crash Report Info (v1), Fabric Client Tags, Fabric Key Binding API (v1), Fabric Convention Tags, Fabric Screen API (v1), Fabric Content Registries (v0), Fabric Object Builder API (v1), Fabric Networking API (v1), Fabric API, Fabric Models (v0), Fabric Renderer API (v1), Fabric Rendering Data Attachment (v1), Fabric Loader, Fabric Data Generation API (v1), Fabric Loot API (v2), Fabric Entity Events (v1), Fabric Registry Sync (v0), Fabric Command API (v2), Fabric Resource Conditions API (v1), Fabric Lifecycle Events (v1))
[21:36:40] [Render thread/INFO] (testmod) This line is printed by an example mod mixin!
[21:36:41] [Render thread/INFO] (testmod) This line is printed by an example mod mixin!
[21:36:41] [Render thread/INFO] (testmod) This line is printed by an example mod mixin!
[21:36:41] [Realms Notification Availability checker #1/INFO] (Minecraft) Could not authorize you against Realms server: Invalid session id
[21:36:44] [Render thread/WARN] (Minecraft) Missing sound for event: minecraft:item.goat_horn.play
[21:36:44] [Render thread/WARN] (Minecraft) Missing sound for event: minecraft:entity.goat.screaming.horn_break
[21:36:44] [Render thread/INFO] (Minecraft) OpenAL initialized on device JACK Default
[21:36:44] [Render thread/INFO] (Minecraft) Sound engine started
[21:36:45] [Render thread/INFO] (Minecraft) Created: 1024x1024x4 minecraft:textures/atlas/blocks.png-atlas
[21:36:45] [Render thread/INFO] (Minecraft) Created: 512x256x4 minecraft:textures/atlas/signs.png-atlas
[21:36:45] [Render thread/INFO] (Minecraft) Created: 1024x512x4 minecraft:textures/atlas/banner_patterns.png-atlas
[21:36:45] [Render thread/INFO] (Minecraft) Created: 1024x512x4 minecraft:textures/atlas/shield_patterns.png-atlas
[21:36:45] [Render thread/INFO] (Minecraft) Created: 256x256x4 minecraft:textures/atlas/chest.png-atlas
[21:36:45] [Render thread/INFO] (Minecraft) Created: 512x256x4 minecraft:textures/atlas/beds.png-atlas
[21:36:45] [Render thread/INFO] (Minecraft) Created: 512x256x4 minecraft:textures/atlas/shulker_boxes.png-atlas
[21:36:46] [Render thread/WARN] (Minecraft) Shader rendertype_entity_translucent_emissive could not find sampler named Sampler2 in the specified shader program.
[21:36:46] [Render thread/INFO] (Minecraft) Created: 512x256x0 minecraft:textures/atlas/particles.png-atlas
[21:36:46] [Render thread/INFO] (Minecraft) Created: 256x256x0 minecraft:textures/atlas/paintings.png-atlas
[21:36:46] [Render thread/INFO] (Minecraft) Created: 256x128x0 minecraft:textures/atlas/mob_effects.png-atlas
[21:36:46] [Render thread/INFO] (testmod) This line is printed by an example mod mixin!
[21:37:17] [Render thread/INFO] (testmod) This line is printed by an example mod mixin!
[21:37:19] [Render thread/INFO] (testmod) This line is printed by an example mod mixin!
[21:37:19] [Render thread/INFO] (testmod) This line is printed by an example mod mixin!
[21:37:19] [Render thread/INFO] (testmod) This line is printed by an example mod mixin!
[21:37:19] [Render thread/INFO] (testmod) This line is printed by an example mod mixin!
[21:37:19] [Render thread/INFO] (testmod) This line is printed by an example mod mixin!
[21:37:19] [Render thread/INFO] (testmod) This line is printed by an example mod mixin!
[21:37:19] [Render thread/INFO] (testmod) This line is printed by an example mod mixin!
[21:37:19] [Render thread/INFO] (testmod) This line is printed by an example mod mixin!
[21:37:19] [Render thread/INFO] (testmod) This line is printed by an example mod mixin!
[21:37:22] [Render thread/INFO] (testmod) This line is printed by an example mod mixin!
[21:37:22] [Render thread/INFO] (testmod) This line is printed by an example mod mixin!
[21:37:22] [Render thread/INFO] (testmod) This line is printed by an example mod mixin!
[21:37:22] [Render thread/INFO] (testmod) This line is printed by an example mod mixin!
[21:37:22] [Render thread/INFO] (testmod) This line is printed by an example mod mixin!
[21:37:22] [Render thread/INFO] (testmod) This line is printed by an example mod mixin!
[21:37:22] [Render thread/INFO] (testmod) This line is printed by an example mod mixin!
[21:37:22] [Render thread/INFO] (testmod) This line is printed by an example mod mixin!
[21:37:22] [Render thread/INFO] (testmod) This line is printed by an example mod mixin!
[21:37:22] [Render thread/INFO] (testmod) This line is printed by an example mod mixin!
[21:37:22] [Render thread/INFO] (testmod) This line is printed by an example mod mixin!
[21:37:22] [Render thread/INFO] (testmod) This line is printed by an example mod mixin!
[21:37:22] [Render thread/INFO] (testmod) This line is printed by an example mod mixin!
[21:37:22] [Render thread/INFO] (testmod) This line is printed by an example mod mixin!
[21:37:22] [Render thread/INFO] (testmod) This line is printed by an example mod mixin!
[21:37:22] [Render thread/INFO] (testmod) This line is printed by an example mod mixin!
[21:37:22] [Render thread/INFO] (testmod) This line is printed by an example mod mixin!
[21:37:36] [Render thread/INFO] (Minecraft) Loaded 7 recipes
[21:37:37] [Render thread/INFO] (Minecraft) Loaded 1179 advancements
[21:37:38] [Render thread/INFO] (BiomeModificationImpl) Applied 0 biome modifications to 0 of 63 new biomes in 27.66 ms
[21:37:38] [Server thread/INFO] (Minecraft) Starting integrated minecraft server version 1.19.3
[21:37:38] [Server thread/INFO] (Minecraft) Generating keypair
[21:37:44] [Server thread/INFO] (Minecraft) Preparing start region for dimension minecraft:overworld
[21:37:51] [Render thread/INFO] (Minecraft) Preparing spawn area: 0%
[21:37:51] [Render thread/INFO] (Minecraft) Preparing spawn area: 0%
[21:37:51] [Render thread/INFO] (Minecraft) Preparing spawn area: 0%
[21:37:51] [Render thread/INFO] (Minecraft) Preparing spawn area: 0%
[21:37:51] [Render thread/INFO] (Minecraft) Preparing spawn area: 0%
[21:37:51] [Render thread/INFO] (Minecraft) Preparing spawn area: 0%
[21:37:51] [Render thread/INFO] (Minecraft) Preparing spawn area: 0%
[21:37:51] [Render thread/INFO] (Minecraft) Preparing spawn area: 0%
[21:37:51] [Render thread/INFO] (Minecraft) Preparing spawn area: 0%
[21:37:51] [Render thread/INFO] (Minecraft) Preparing spawn area: 0%
[21:37:51] [Render thread/INFO] (Minecraft) Preparing spawn area: 0%
[21:37:51] [Render thread/INFO] (Minecraft) Preparing spawn area: 0%
[21:37:51] [Render thread/INFO] (Minecraft) Preparing spawn area: 0%
[21:37:51] [Render thread/INFO] (Minecraft) Preparing spawn area: 0%
[21:37:51] [Render thread/INFO] (Minecraft) Preparing spawn area: 0%
[21:37:52] [Render thread/INFO] (Minecraft) Preparing spawn area: 4%
[21:37:52] [Render thread/INFO] (Minecraft) Preparing spawn area: 53%
[21:37:53] [Render thread/INFO] (Minecraft) Preparing spawn area: 87%
[21:37:53] [Render thread/INFO] (Minecraft) Time elapsed: 8834 ms
[21:37:54] [Server thread/INFO] (Minecraft) Changing view distance to 8, from 10
[21:37:54] [Server thread/INFO] (Minecraft) Changing simulation distance to 12, from 0
[21:37:55] [Server thread/WARN] (Minecraft) Can't keep up! Is the server overloaded? Running 2140ms or 42 ticks behind
[21:37:57] [Server thread/INFO] (Minecraft) Player639[local:E:58234cda] logged in with entity id 183 at (25.29033266412839, 71.0, -23.91029270973634)
[21:37:57] [Server thread/INFO] (Minecraft) Player639 joined the game
[21:37:59] [Render thread/INFO] (Minecraft) Loaded 0 advancements
[21:38:26] [Worker-Bootstrap-3/INFO] (Minecraft) 4445 Datafixer optimizations took 121974 milliseconds
[21:39:28] [Server thread/INFO] (Minecraft) Saving and pausing game...
[21:39:28] [Server thread/INFO] (Minecraft) Saving chunks for level 'ServerLevel[New World]'/minecraft:overworld
[21:39:28] [Server thread/INFO] (Minecraft) Saving chunks for level 'ServerLevel[New World]'/minecraft:the_end
[21:39:28] [Server thread/INFO] (Minecraft) Saving chunks for level 'ServerLevel[New World]'/minecraft:the_nether
[21:39:34] [Server thread/INFO] (Minecraft) Saving and pausing game...
[21:39:34] [Server thread/INFO] (Minecraft) Saving chunks for level 'ServerLevel[New World]'/minecraft:overworld
[21:39:34] [Server thread/INFO] (Minecraft) Saving chunks for level 'ServerLevel[New World]'/minecraft:the_end
[21:39:34] [Server thread/INFO] (Minecraft) Saving chunks for level 'ServerLevel[New World]'/minecraft:the_nether
[21:45:34] [Server thread/INFO] (Minecraft) Saving and pausing game...
[21:45:34] [Server thread/INFO] (Minecraft) Saving chunks for level 'ServerLevel[New World]'/minecraft:overworld
[21:45:34] [Server thread/INFO] (Minecraft) Saving chunks for level 'ServerLevel[New World]'/minecraft:the_end
[21:45:34] [Server thread/INFO] (Minecraft) Saving chunks for level 'ServerLevel[New World]'/minecraft:the_nether
[21:45:57] [Server thread/INFO] (Minecraft) Saving and pausing game...
[21:45:57] [Server thread/INFO] (Minecraft) Saving chunks for level 'ServerLevel[New World]'/minecraft:overworld
[21:45:57] [Server thread/INFO] (Minecraft) Saving chunks for level 'ServerLevel[New World]'/minecraft:the_end
[21:45:57] [Server thread/INFO] (Minecraft) Saving chunks for level 'ServerLevel[New World]'/minecraft:the_nether
[21:46:22] [Render thread/INFO] (Minecraft) Loaded 23 advancements
[21:46:23] [Render thread/INFO] (Minecraft) Loaded 27 advancements
[21:46:23] [Render thread/INFO] (Minecraft) Loaded 46 advancements
[21:46:30] [Server thread/INFO] (Minecraft) [Player639: Gamerule doMobSpawning is now set to: false]
[21:46:30] [Render thread/INFO] (Minecraft) [System] [CHAT] Gamerule doMobSpawning is now set to: false
[21:46:43] [Server thread/INFO] (Minecraft) [Player639: Gamerule keepInventory is now set to: true]
[21:46:43] [Render thread/INFO] (Minecraft) [System] [CHAT] Gamerule keepInventory is now set to: true
[21:46:48] [Server thread/INFO] (Minecraft) Player639 fell out of the world
[21:46:48] [Server thread/INFO] (Minecraft) [Player639: Killed Player639]
[21:46:48] [Render thread/INFO] (Minecraft) [System] [CHAT] Player639 fell out of the world
[21:46:48] [Render thread/INFO] (Minecraft) [System] [CHAT] Killed Player639
[21:46:53] [Server thread/INFO] (Minecraft) Player639 fell out of the world
[21:46:53] [Server thread/INFO] (Minecraft) [Player639: Killed 168 entities]
[21:46:53] [Render thread/INFO] (Minecraft) [System] [CHAT] Player639 fell out of the world
[21:46:53] [Render thread/INFO] (Minecraft) [System] [CHAT] Killed 168 entities
[21:46:56] [Server thread/INFO] (Minecraft) Player639 fell out of the world
[21:46:56] [Server thread/INFO] (Minecraft) [Player639: Killed 404 entities]
[21:46:56] [Render thread/INFO] (Minecraft) [System] [CHAT] Player639 fell out of the world
[21:46:56] [Render thread/INFO] (Minecraft) [System] [CHAT] Killed 404 entities
[21:47:00] [Server thread/INFO] (Minecraft) Player639 fell out of the world
[21:47:00] [Server thread/INFO] (Minecraft) [Player639: Killed Player639]
[21:47:00] [Render thread/INFO] (Minecraft) [System] [CHAT] Player639 fell out of the world
[21:47:00] [Render thread/INFO] (Minecraft) [System] [CHAT] Killed Player639
[21:47:07] [Server thread/INFO] (Minecraft) Saving and pausing game...
[21:47:07] [Server thread/INFO] (Minecraft) Saving chunks for level 'ServerLevel[New World]'/minecraft:overworld
[21:47:07] [Server thread/INFO] (Minecraft) Saving chunks for level 'ServerLevel[New World]'/minecraft:the_end
[21:47:07] [Server thread/INFO] (Minecraft) Saving chunks for level 'ServerLevel[New World]'/minecraft:the_nether
[21:47:10] [Server thread/INFO] (Minecraft) [Not Secure] <Player639> asd
[21:47:10] [Render thread/INFO] (Minecraft) [CHAT] <Player639> asd
[21:47:20] [Server thread/INFO] (Minecraft) [Player639: Gamerule doDaylightCycle is now set to: false]
[21:47:20] [Render thread/INFO] (Minecraft) [System] [CHAT] Gamerule doDaylightCycle is now set to: false
[21:47:28] [Server thread/INFO] (Minecraft) [Player639: Gamerule doFireTick is now set to: false]
[21:47:28] [Render thread/INFO] (Minecraft) [System] [CHAT] Gamerule doFireTick is now set to: false
[21:47:36] [Server thread/INFO] (Minecraft) [Player639: Set the time to 1000]
[21:47:36] [Render thread/INFO] (Minecraft) [System] [CHAT] Set the time to 1000
[21:48:44] [Render thread/INFO] (Minecraft) [System] [CHAT] Saved screenshot as 2023-01-08_21.48.44.png
[21:48:48] [Server thread/INFO] (Minecraft) Saving and pausing game...
[21:48:48] [Server thread/INFO] (Minecraft) Saving chunks for level 'ServerLevel[New World]'/minecraft:overworld
[21:48:48] [Server thread/INFO] (Minecraft) Saving chunks for level 'ServerLevel[New World]'/minecraft:the_end
[21:48:48] [Server thread/INFO] (Minecraft) Saving chunks for level 'ServerLevel[New World]'/minecraft:the_nether
[21:48:49] [Server thread/INFO] (Minecraft) Player639 lost connection: Disconnected
[21:48:49] [Server thread/INFO] (Minecraft) Player639 left the game
[21:48:49] [Server thread/INFO] (Minecraft) Stopping singleplayer server as player logged out
[21:48:49] [Server thread/INFO] (Minecraft) Stopping server
[21:48:49] [Server thread/INFO] (Minecraft) Saving players
[21:48:49] [Server thread/INFO] (Minecraft) Saving worlds
[21:48:50] [Server thread/INFO] (Minecraft) Saving chunks for level 'ServerLevel[New World]'/minecraft:overworld
[21:48:53] [Server thread/INFO] (Minecraft) Saving chunks for level 'ServerLevel[New World]'/minecraft:the_end
[21:48:53] [Server thread/INFO] (Minecraft) Saving chunks for level 'ServerLevel[New World]'/minecraft:the_nether
[21:48:53] [Server thread/INFO] (Minecraft) ThreadedAnvilChunkStorage (New World): All chunks are saved
[21:48:53] [Server thread/INFO] (Minecraft) ThreadedAnvilChunkStorage (DIM1): All chunks are saved
[21:48:53] [Server thread/INFO] (Minecraft) ThreadedAnvilChunkStorage (DIM-1): All chunks are saved
[21:48:53] [Server thread/INFO] (Minecraft) ThreadedAnvilChunkStorage: All dimensions are saved
[21:48:54] [Render thread/INFO] (testmod) This line is printed by an example mod mixin!
[21:49:21] [Render thread/INFO] (fabric-screen-api-v1) Stopping!
